<?xml version="1.0" encoding="UTF-8"?>
<!-- Generated by org.testng.reporters.JUnitXMLReporter -->
<testsuite ignored="0" hostname="DESKTOP-RHAVO5R" failures="0" tests="3" name="Test" time="16.098" errors="0" timestamp="2023-07-23T01:05:39 IST">
  <testcase classname="com.raghib.selenium.grid.TestOnChromeBrowser" name="testOnChrome" time="1.427"/>
  <testcase classname="com.raghib.selenium.grid.TestOnEdgeBrowser" name="testOnEdge" time="1.41"/>
  <testcase classname="com.raghib.selenium.grid.TestOnFirefoxBrowser" name="testOnFirefox" time="1.725"/>
</testsuite> <!-- Test -->
